<?xml version="1.0" encoding="UTF-8"?>
<testsuite name="Regression Test"
           tests="2"
           failures="0"
           errors="0"
           skipped="0"
           time="53.307">
  <properties />
  
  
            <testcase name="verifyProductArrangeInAlphaBaticalOrder" time="4.990" classname="com.tutorialninja.testsuite.DesktopTest" />
                <testcase name="verifyProductAddedToShoppingCartSuccessFully" time="48.317" classname="com.tutorialninja.testsuite.DesktopTest" />
      
</testsuite>
