<?xml version="1.0" encoding="UTF-8"?>
<testsuite name="Regression Test"
           tests="2"
           failures="0"
           errors="0"
           skipped="0"
           time="77.367">
  <properties />
  
  
            <testcase name="verifyProductsPriceDisplayHighToLowSuccessfully" time="4.403" classname="com.tutorialninja.testsuite.LaptopsAndNoteBooksTest" />
                <testcase name="verifyThatUserPlaceOrderSuccessfully" time="72.964" classname="com.tutorialninja.testsuite.LaptopsAndNoteBooksTest" />
      
</testsuite>
